<?xml version="1.0" encoding="UTF-8"?>
<!-- Generated by org.testng.reporters.JUnitXMLReporter -->
<testsuite ignored="0" hostname="DESKTOP-RK086OU" failures="1" tests="55" name="Test.xml" time="712.204" errors="0" timestamp="2023-01-11T08:43:21 IST">
  <testcase classname="hrm.testpages.AdminPageTestFunctionality" name="Vlaidate_Printer_Settings" time="0.01"/>
  <testcase classname="hrm.testpages.AdminPageTestFunctionality" name="Vlaidate_validSendkeys" time="16.222"/>
  <testcase classname="hrm.testpages.AdminPageTestFunctionality" name="Vlaidate_AdminPage" time="9.126"/>
  <testcase classname="hrm.testpages.AdminPageTestFunctionality" name="Vlaidate_SystemUserpage" time="9.476"/>
  <testcase classname="hrm.testpages.AdminPageTestFunctionality" name="Vlaidate_SystemUserpage_One" time="9.472"/>
  <testcase classname="hrm.testpages.AdminPageTestFunctionality" name="Vlaidate_SystemUserpage_two" time="6.74"/>
  <testcase classname="hrm.testpages.Job_PageTestFunctinality" name="Vlaidate_Printer_Settings" time="0.001"/>
  <testcase classname="hrm.testpages.Job_PageTestFunctinality" name="Vlaidate_validSendkeys" time="15.833"/>
  <testcase classname="hrm.testpages.Job_PageTestFunctinality" name="Vlaidate_AdminPage" time="9.091"/>
  <testcase classname="hrm.testpages.Job_PageTestFunctinality" name="Vlaidate_JobPageclick" time="7.02"/>
  <testcase classname="hrm.testpages.Job_PageTestFunctinality" name="Vlaidate_JobPageTwoclick" time="13.9"/>
  <testcase classname="hrm.testpages.Job_PageTestFunctinality" name="Vlaidate_JobPagethreeclick" time="13.791"/>
  <testcase classname="hrm.testpages.hrm_loginfunctionality_testpage" name="Vlaidate_Printer_Settings" time="0.001"/>
  <testcase classname="hrm.testpages.hrm_loginfunctionality_testpage" name="Vlaidate_HomePageTiltes" time="0.794"/>
  <testcase classname="hrm.testpages.hrm_loginfunctionality_testpage" name="Vlaidate_HomaPage_image" time="2.182"/>
  <testcase classname="hrm.testpages.hrm_loginfunctionality_testpage" name="Vlaidate_HomaPage_text" time="2.11"/>
  <testcase classname="hrm.testpages.hrm_loginfunctionality_testpage" name="Vlaidate_Sendkeys" time="25.776"/>
  <testcase classname="hrm.testpages.hrm_loginfunctionality_testpage" name="Validate_ErrorMessage" time="0.034"/>
  <testcase classname="hrm.testpages.hrm_loginfunctionality_testpage" name="Vlaidate_InvalidSendkeys" time="14.637"/>
  <testcase classname="hrm.testpages.hrm_loginfunctionality_testpage" name="Vlaidate_validSendkeys" time="14.659"/>
  <testcase classname="hrm.testpages.qualificationsTestFunctionality" name="Vlaidate_Printer_Settings" time="0.001"/>
  <testcase classname="hrm.testpages.qualificationsTestFunctionality" name="Vlaidate_validSendkeys" time="17.734"/>
  <testcase classname="hrm.testpages.qualificationsTestFunctionality" name="Vlaidate_AdminPage" time="10.076"/>
  <testcase classname="hrm.testpages.qualificationsTestFunctionality" name="Validate_qualification" time="10.113"/>
  <testcase classname="hrm.testpages.qualificationsTestFunctionality" name="Validate_qualification_One" time="13.603"/>
  <testcase classname="hrm.testpages.qualificationsTestFunctionality" name="Validate_qualification_Two" time="16.107"/>
  <testcase classname="hrm.testpages.qualificationsTestFunctionality" name="Validate_qualification_Sendkeys" time="21.118"/>
  <testcase classname="hrm.testpages.Languages_TestFunctionality2" name="Vlaidate_Printer_Settings" time="0.001"/>
  <testcase classname="hrm.testpages.Languages_TestFunctionality2" name="Vlaidate_validSendkeys" time="17.043"/>
  <testcase classname="hrm.testpages.Languages_TestFunctionality2" name="Vlaidate_AdminPage" time="7.21"/>
  <testcase classname="hrm.testpages.Languages_TestFunctionality2" name="Validate_qualification" time="10.112"/>
  <testcase classname="hrm.testpages.Languages_TestFunctionality2" name="Validate_qualification_One" time="14.594"/>
  <testcase classname="hrm.testpages.Languages_TestFunctionality2" name="Validate_qualification_Two" time="13.767"/>
  <testcase classname="hrm.testpages.Languages_TestFunctionality2" name="Validate_qualification_Sendkeys" time="17.454"/>
  <testcase classname="hrm.testpages.Membership_TestFunctionality3" name="Vlaidate_Printer_Settings" time="0.001"/>
  <testcase classname="hrm.testpages.Membership_TestFunctionality3" name="Vlaidate_validSendkeys" time="16.423"/>
  <testcase classname="hrm.testpages.Membership_TestFunctionality3" name="Vlaidate_AdminPage" time="8.067"/>
  <testcase classname="hrm.testpages.Membership_TestFunctionality3" name="Validate_qualification" time="9.944"/>
  <testcase classname="hrm.testpages.Membership_TestFunctionality3" name="Validate_qualification_One" time="14.291"/>
  <testcase classname="hrm.testpages.Membership_TestFunctionality3" name="Validate_qualification_Two" time="13.71"/>
  <testcase classname="hrm.testpages.Membership_TestFunctionality3" name="Validate_qualification_Sendkeys" time="17.691"/>
  <testcase classname="hrm.testpages.License_TestFunctionality" name="Vlaidate_Printer_Settings" time="0.001"/>
  <testcase classname="hrm.testpages.License_TestFunctionality" name="Vlaidate_validSendkeys" time="16.173"/>
  <testcase classname="hrm.testpages.License_TestFunctionality" name="Vlaidate_AdminPage" time="8.068"/>
  <testcase classname="hrm.testpages.License_TestFunctionality" name="Validate_qualification" time="11.489"/>
  <testcase classname="hrm.testpages.License_TestFunctionality" name="Validate_qualification_One" time="14.605"/>
  <testcase classname="hrm.testpages.License_TestFunctionality" name="Validate_qualification_Two" time="14.811"/>
  <testcase classname="hrm.testpages.License_TestFunctionality" name="Validate_qualification_Sendkeys" time="18.209"/>
  <testcase classname="hrm.testpages.Education_TestFunctionality2" name="Vlaidate_Printer_Settings" time="0.001"/>
  <testcase classname="hrm.testpages.Education_TestFunctionality2" name="Vlaidate_validSendkeys" time="16.193"/>
  <testcase classname="hrm.testpages.Education_TestFunctionality2" name="Vlaidate_AdminPage" time="7.546"/>
  <testcase classname="hrm.testpages.Education_TestFunctionality2" name="Validate_qualification" time="10.027"/>
  <testcase classname="hrm.testpages.Education_TestFunctionality2" name="Validate_qualification_One" time="15.058"/>
  <testcase classname="hrm.testpages.Education_TestFunctionality2" name="Validate_qualification_Two" time="13.624"/>
  <testcase classname="hrm.testpages.Education_TestFunctionality2" name="Validate_qualification_Sendkeys" time="10.975">
    <failure type="java.lang.IllegalArgumentException" message="Keys to send should be a not null CharSequence">
      <![CDATA[java.lang.IllegalArgumentException: Keys to send should be a not null CharSequence
at org.openqa.selenium.remote.RemoteWebElement.sendKeys(RemoteWebElement.java:97)
at hrm.locators.QualificationFunctionality.Validate_NameField(QualificationFunctionality.java:83)
at hrm.testpages.Education_TestFunctionality2.Validate_qualification_Sendkeys(Education_TestFunctionality2.java:61)
at java.base/java.util.ArrayList.forEach(ArrayList.java:1511)
... Removed 27 stack frames]]>
    </failure>
  </testcase> <!-- Validate_qualification_Sendkeys -->
</testsuite> <!-- Test.xml -->
